0 info it worked if it ends with ok
1 verbose cli [ 'C:\\Program Files\\nodejs\\node.exe',
1 verbose cli   'C:\\Program Files\\nodejs\\node_modules\\npm\\bin\\npm-cli.js',
1 verbose cli   'run',
1 verbose cli   'pretest:typecheck' ]
2 info using npm@3.10.10
3 info using node@v7.3.0
4 verbose run-script [ 'pretest:typecheck' ]
5 info lifecycle redux-flow@1.0.0~pretest:typecheck: redux-flow@1.0.0
6 verbose lifecycle redux-flow@1.0.0~pretest:typecheck: unsafe-perm in lifecycle true
7 verbose lifecycle redux-flow@1.0.0~pretest:typecheck: PATH: C:\Program Files\nodejs\node_modules\npm\bin\node-gyp-bin;C:\Users\trungutt\Desktop\Travail\redux-flow\node_modules\.bin;C:\Users\trungutt\Desktop\Travail\redux-flow\node_modules\.bin;C:\Users\trungutt\AppData\Local\Yarn\config\link\node_modules\.bin;C:\Users\trungutt\Desktop\Travail\redux-flow\node_modules\.bin;C:\Users\trungutt\AppData\Local\Yarn\config\link\node_modules\.bin;C:\Program Files (x86)\Yarn\bin\node-gyp-bin;C:\ProgramData\Oracle\Java\javapath;C:\WINDOWS\system32;C:\WINDOWS;C:\WINDOWS\System32\Wbem;C:\WINDOWS\System32\WindowsPowerShell\v1.0\;C:\Program Files (x86)\Skype\Phone\;C:\Program Files (x86)\Common Files\Acronis\SnapAPI\;C:\Program Files\Amazon\AWSCLI\;C:\Program Files\Git\cmd;C:\Program Files\nodejs\;C:\Program Files (x86)\Yarn\bin;C:\Program Files (x86)\Microsoft VS Code\bin;C:\Program Files\Docker Toolbox;C:\Program Files\Amazon\AWSCLI;C:\Users\trungutt\AppData\Local\Microsoft\WindowsApps;C:\Users\trungutt\AppData\Roaming\npm;C:\Users\trungutt\AppData\Local\Yarn\.bin
8 verbose lifecycle redux-flow@1.0.0~pretest:typecheck: CWD: C:\Users\trungutt\Desktop\Travail\redux-flow
9 silly lifecycle redux-flow@1.0.0~pretest:typecheck: Args: [ '/d /s /c', 'flow' ]
10 silly lifecycle redux-flow@1.0.0~pretest:typecheck: Returned: code: 2  signal: null
11 info lifecycle redux-flow@1.0.0~pretest:typecheck: Failed to exec pretest:typecheck script
12 verbose stack Error: redux-flow@1.0.0 pretest:typecheck: `flow`
12 verbose stack Exit status 2
12 verbose stack     at EventEmitter.<anonymous> (C:\Program Files\nodejs\node_modules\npm\lib\utils\lifecycle.js:255:16)
12 verbose stack     at emitTwo (events.js:106:13)
12 verbose stack     at EventEmitter.emit (events.js:191:7)
12 verbose stack     at ChildProcess.<anonymous> (C:\Program Files\nodejs\node_modules\npm\lib\utils\spawn.js:40:14)
12 verbose stack     at emitTwo (events.js:106:13)
12 verbose stack     at ChildProcess.emit (events.js:191:7)
12 verbose stack     at maybeClose (internal/child_process.js:885:16)
12 verbose stack     at Process.ChildProcess._handle.onexit (internal/child_process.js:226:5)
13 verbose pkgid redux-flow@1.0.0
14 verbose cwd C:\Users\trungutt\Desktop\Travail\redux-flow
15 error Windows_NT 10.0.14393
16 error argv "C:\\Program Files\\nodejs\\node.exe" "C:\\Program Files\\nodejs\\node_modules\\npm\\bin\\npm-cli.js" "run" "pretest:typecheck"
17 error node v7.3.0
18 error npm  v3.10.10
19 error code ELIFECYCLE
20 error redux-flow@1.0.0 pretest:typecheck: `flow`
20 error Exit status 2
21 error Failed at the redux-flow@1.0.0 pretest:typecheck script 'flow'.
21 error Make sure you have the latest version of node.js and npm installed.
21 error If you do, this is most likely a problem with the redux-flow package,
21 error not with npm itself.
21 error Tell the author that this fails on your system:
21 error     flow
21 error You can get information on how to open an issue for this project with:
21 error     npm bugs redux-flow
21 error Or if that isn't available, you can get their info via:
21 error     npm owner ls redux-flow
21 error There is likely additional logging output above.
22 verbose exit [ 1, true ]
